This is XeTeX, Version 3.141592653-2.6-0.999993 (TeX Live 2021) (preloaded format=xelatex 2021.4.24)  10 APR 2023 15:02
entering extended mode
 restricted \write18 enabled.
 %&-line parsing enabled.
**aera-workflow-code-along.tex
(./aera-workflow-code-along.tex
LaTeX2e <2020-10-01> patch level 4
L3 programming layer <2021-02-18>

! LaTeX Error: File `scrartcl.cls' not found.

Type X to quit or <RETURN> to proceed,
or enter new name. (Default extension: cls)

Enter file name: 
! Emergency stop.
<read *> 
         
l.10 ^^M
         
Here is how much of TeX's memory you used:
 23 strings out of 478918
 461 string characters out of 5865691
 284556 words of memory out of 5000000
 19992 multiletter control sequences out of 15000+600000
 403430 words of font info for 27 fonts, out of 8000000 for 9000
 14 hyphenation exceptions out of 8191
 32i,0n,39p,122b,13s stack positions out of 5000i,500n,10000p,200000b,80000s

No pages of output.
